# JRE version: OpenJDK Runtime Environment Temurin-17.0.18+8 (17.0.18+8) (build 17.0.18+8)
# Java VM: OpenJDK 64-Bit Server VM Temurin-17.0.18+8 (17.0.18+8, mixed mode, sharing, tiered, compressed oops, compressed class ptrs, g1 gc, windows-amd64)
GC Precious Log:
 CPUs: 4 total, 4 available
 Memory: 8058M
 Large Page Support: Disabled
 NUMA Support: Disabled
 Compressed Oops: Enabled (Zero based)
 Heap Region Size: 2M
 Heap Min Capacity: 8M
 Heap Initial Capacity: 126M
 Heap Max Capacity: 4G
 Pre-touch: Disabled
 Parallel Workers: 4
 Concurrent Workers: 1
 Concurrent Refinement Workers: 4
 Periodic GC: Disabled
Heap:
 garbage-first heap   total 491520K, used 94320K [0x0000000700000000, 0x0000000800000000)
  region size 2048K, 1 young (2048K), 1 survivors (2048K)
 Metaspace       used 106992K, committed 107648K, reserved 1179648K
  class space    used 13475K, committed 13760K, reserved 1048576K
GC Heap History (20 events):
Event: 673.262 GC heap after
{Heap after GC invocations=145 (full 0):
 garbage-first heap   total 491520K, used 83591K [0x0000000700000000, 0x0000000800000000)
  region size 2048K, 2 young (4096K), 2 survivors (4096K)
 Metaspace       used 103011K, committed 103680K, reserved 1179648K
  class space    used 12934K, committed 13248K, reserved 1048576K
}
Event: 674.268 GC heap before
{Heap before GC invocations=146 (full 0):
 garbage-first heap   total 301056K, used 93831K [0x0000000700000000, 0x0000000800000000)
  region size 2048K, 7 young (14336K), 2 survivors (4096K)
 Metaspace       used 104068K, committed 104768K, reserved 1179648K
  class space    used 13123K, committed 13440K, reserved 1048576K
}
Event: 674.295 GC heap after
{Heap after GC invocations=147 (full 0):
 garbage-first heap   total 301056K, used 84226K [0x0000000700000000, 0x0000000800000000)
  region size 2048K, 1 young (2048K), 1 survivors (2048K)
 Metaspace       used 104068K, committed 104768K, reserved 1179648K
  class space    used 13123K, committed 13440K, reserved 1048576K
}
Event: 675.902 GC heap before
{Heap before GC invocations=147 (full 0):
 garbage-first heap   total 301056K, used 96514K [0x0000000700000000, 0x0000000800000000)
  region size 2048K, 7 young (14336K), 1 survivors (2048K)
 Metaspace       used 105401K, committed 106112K, reserved 1179648K
  class space    used 13333K, committed 13632K, reserved 1048576K
}
Event: 675.914 GC heap after
{Heap after GC invocations=148 (full 0):
 garbage-first heap   total 301056K, used 82898K [0x0000000700000000, 0x0000000800000000)
  region size 2048K, 1 young (2048K), 1 survivors (2048K)
 Metaspace       used 105401K, committed 106112K, reserved 1179648K
  class space    used 13333K, committed 13632K, reserved 1048576K
}
Event: 676.284 GC heap before
{Heap before GC invocations=148 (full 0):
 garbage-first heap   total 301056K, used 95186K [0x0000000700000000, 0x0000000800000000)
  region size 2048K, 7 young (14336K), 1 survivors (2048K)
 Metaspace       used 105401K, committed 106112K, reserved 1179648K
  class space    used 13333K, committed 13632K, reserved 1048576K
}
Event: 676.303 GC heap after
{Heap after GC invocations=149 (full 0):
 garbage-first heap   total 301056K, used 82958K [0x0000000700000000, 0x0000000800000000)
  region size 2048K, 1 young (2048K), 1 survivors (2048K)
 Metaspace       used 105401K, committed 106112K, reserved 1179648K
  class space    used 13333K, committed 13632K, reserved 1048576K
}
Event: 676.793 GC heap before
{Heap before GC invocations=149 (full 0):
 garbage-first heap   total 301056K, used 95246K [0x0000000700000000, 0x0000000800000000)
  region size 2048K, 7 young (14336K), 1 survivors (2048K)
 Metaspace       used 105442K, committed 106112K, reserved 1179648K
  class space    used 13335K, committed 13632K, reserved 1048576K
}
Event: 676.797 GC heap after
{Heap after GC invocations=150 (full 0):
 garbage-first heap   total 301056K, used 83193K [0x0000000700000000, 0x0000000800000000)
  region size 2048K, 1 young (2048K), 1 survivors (2048K)
 Metaspace       used 105442K, committed 106112K, reserved 1179648K
  class space    used 13335K, committed 13632K, reserved 1048576K
}
Event: 677.824 GC heap before
{Heap before GC invocations=150 (full 0):
 garbage-first heap   total 301056K, used 95481K [0x0000000700000000, 0x0000000800000000)
  region size 2048K, 7 young (14336K), 1 survivors (2048K)
 Metaspace       used 105487K, committed 106176K, reserved 1179648K
  class space    used 13335K, committed 13632K, reserved 1048576K
}
Event: 677.845 GC heap after
{Heap after GC invocations=151 (full 0):
 garbage-first heap   total 301056K, used 85198K [0x0000000700000000, 0x0000000800000000)
  region size 2048K, 1 young (2048K), 1 survivors (2048K)
 Metaspace       used 105487K, committed 106176K, reserved 1179648K
  class space    used 13335K, committed 13632K, reserved 1048576K
}
Event: 678.112 GC heap before
{Heap before GC invocations=151 (full 0):
 garbage-first heap   total 301056K, used 97486K [0x0000000700000000, 0x0000000800000000)
  region size 2048K, 7 young (14336K), 1 survivors (2048K)
 Metaspace       used 105587K, committed 106240K, reserved 1179648K
  class space    used 13336K, committed 13632K, reserved 1048576K
}
Event: 678.156 GC heap after
{Heap after GC invocations=152 (full 0):
 garbage-first heap   total 403456K, used 88046K [0x0000000700000000, 0x0000000800000000)
  region size 2048K, 1 young (2048K), 1 survivors (2048K)
 Metaspace       used 105587K, committed 106240K, reserved 1179648K
  class space    used 13336K, committed 13632K, reserved 1048576K
}
Event: 678.276 GC heap before
{Heap before GC invocations=152 (full 0):
 garbage-first heap   total 403456K, used 104430K [0x0000000700000000, 0x0000000800000000)
  region size 2048K, 9 young (18432K), 1 survivors (2048K)
 Metaspace       used 105602K, committed 106304K, reserved 1179648K
  class space    used 13336K, committed 13632K, reserved 1048576K
}
Event: 678.281 GC heap after
{Heap after GC invocations=153 (full 0):
 garbage-first heap   total 403456K, used 87872K [0x0000000700000000, 0x0000000800000000)
  region size 2048K, 1 young (2048K), 1 survivors (2048K)
 Metaspace       used 105602K, committed 106304K, reserved 1179648K
  class space    used 13336K, committed 13632K, reserved 1048576K
}
Event: 678.658 GC heap before
{Heap before GC invocations=153 (full 0):
 garbage-first heap   total 403456K, used 104256K [0x0000000700000000, 0x0000000800000000)
  region size 2048K, 9 young (18432K), 1 survivors (2048K)
 Metaspace       used 105780K, committed 106432K, reserved 1179648K
  class space    used 13336K, committed 13632K, reserved 1048576K
}
Event: 678.666 GC heap after
{Heap after GC invocations=154 (full 0):
 garbage-first heap   total 403456K, used 90094K [0x0000000700000000, 0x0000000800000000)
  region size 2048K, 2 young (4096K), 2 survivors (4096K)
 Metaspace       used 105780K, committed 106432K, reserved 1179648K
  class space    used 13336K, committed 13632K, reserved 1048576K
}
Event: 679.237 GC heap before
{Heap before GC invocations=154 (full 0):
 garbage-first heap   total 403456K, used 108526K [0x0000000700000000, 0x0000000800000000)
  region size 2048K, 11 young (22528K), 2 survivors (4096K)
 Metaspace       used 106025K, committed 106688K, reserved 1179648K
  class space    used 13357K, committed 13632K, reserved 1048576K
}
Event: 679.387 GC heap after
{Heap after GC invocations=155 (full 0):
 garbage-first heap   total 403456K, used 93097K [0x0000000700000000, 0x0000000800000000)
  region size 2048K, 2 young (4096K), 2 survivors (4096K)
 Metaspace       used 106025K, committed 106688K, reserved 1179648K
  class space    used 13357K, committed 13632K, reserved 1048576K
}
Event: 681.915 GC heap before
{Heap before GC invocations=155 (full 0):
 garbage-first heap   total 403456K, used 105385K [0x0000000700000000, 0x0000000800000000)
  region size 2048K, 9 young (18432K), 2 survivors (4096K)
 Metaspace       used 106992K, committed 107648K, reserved 1179648K
  class space    used 13475K, committed 13760K, reserved 1048576K
}

